"../../../../../Unreal/BabaOdZiol/Content/2021-04-02_19_33_24-fuckyeahstudioghibli__Photo.uasset" 0
"../../../../../Unreal/BabaOdZiol/Content/Plants/Flower.uasset" 1
"../../../../../Unreal/BabaOdZiol/Content/Plants/GardenStation.uasset" 2
"../../../../../Unreal/BabaOdZiol/Content/GardenStation.uasset" 3
"../../../../../Unreal/BabaOdZiol/Content/Materials/gl1_ground_II_albedo.uasset" 4
"../../../../../Unreal/BabaOdZiol/Content/gl1_ground_II_albedo.uasset" 5
"../../../../../Unreal/BabaOdZiol/Content/Materials/GroundMAt.uasset" 6
"../../../../../Unreal/BabaOdZiol/Content/GroundMAt.uasset" 7
"../../../../../Unreal/BabaOdZiol/Content/FirstPerson/Character/Mesh/SK_Mannequin_Arms_Skeleton.uasset" 8
"../../../../../Unreal/BabaOdZiol/Content/FirstPerson/Animations/FirstPerson_Idle.uasset" 9
"../../../../../Unreal/BabaOdZiol/Content/FirstPerson/Animations/FirstPerson_JumpEnd.uasset" 10
"../../../../../Unreal/BabaOdZiol/Content/FirstPerson/Animations/FirstPerson_JumpLoop.uasset" 11
"../../../../../Unreal/BabaOdZiol/Content/FirstPerson/Animations/FirstPerson_JumpStart.uasset" 12
"../../../../../Unreal/BabaOdZiol/Content/FirstPerson/Animations/FirstPerson_Run.uasset" 13
"../../../Engine/Content/EditorBlueprintResources/StandardMacros.uasset" 14
"../../../../../Unreal/BabaOdZiol/Content/FirstPerson/Animations/FirstPerson_AnimBP.uasset" 15
"../../../../../Unreal/BabaOdZiol/Content/FirstPerson/Character/Mesh/FirstPersonAnimBlueprint_Copy.uasset" 16
"../../../../../Unreal/BabaOdZiol/Content/FirstPerson/Character/Textures/UE4_LOGO_CARD.uasset" 17
"../../../../../Unreal/BabaOdZiol/Content/FirstPerson/FPWeapon/Materials/MaterialLayers/ML_Plastic_Shiny_Beige_LOGO.uasset" 18
"../../../../../Unreal/BabaOdZiol/Content/FirstPerson/FPWeapon/Materials/MaterialLayers/T_ML_FineRubber.uasset" 19
"../../../../../Unreal/BabaOdZiol/Content/FirstPerson/FPWeapon/Mesh/SK_FPGun_PhysicsAsset.uasset" 20
"../../../../../Unreal/BabaOdZiol/Content/FirstPersonBP/FirstPersonOverview.uasset" 21
"../../../../../Unreal/BabaOdZiol/Content/FirstPerson/Textures/FirstPersonCrosshair.uasset" 22
"../../../../../Unreal/BabaOdZiol/Content/FirstPersonBP/Blueprints/FirstPersonHUD.uasset" 23
"../../../../../Unreal/BabaOdZiol/Content/Geometry/Meshes/CubeMaterial.uasset" 24
"../../../../../Unreal/BabaOdZiol/Content/Geometry/Meshes/1M_Cube_Chamfer.uasset" 25
"../../../../../Unreal/BabaOdZiol/Content/Geometry/Meshes/TemplateFloor.uasset" 26
"../../../../../Unreal/BabaOdZiol/Content/InventoryPlants/InventoryDziurawiec.uasset" 27
"../../../../../Unreal/BabaOdZiol/Content/InventoryPlants/InventoryChaber.uasset" 28
"../../../../../Unreal/BabaOdZiol/Content/Materials/BrownMAterial.uasset" 29
"../../../Engine/Content/Functions/Engine_MaterialFunctions01/Opacity/CameraDepthFade.uasset" 30
"../../../Engine/Content/EngineMaterials/T_Default_Material_Grid_M.uasset" 31
"../../../Engine/Content/EngineMaterials/T_Default_Material_Grid_N.uasset" 32
"../../../Engine/Content/EngineMaterials/WorldGridMaterial.uasset" 33
"../../../Engine/Content/BasicShapes/Cube.uasset" 34
"../../../../../Unreal/BabaOdZiol/Content/Meble/DryingSeedsTable.uasset" 35
"../../../../../Unreal/BabaOdZiol/Content/Meble/DryingTable.uasset" 36
"../../../../../Unreal/BabaOdZiol/Content/Meble/Table.uasset" 37
"../../../../../Unreal/BabaOdZiol/Content/StarterContent/Materials/M_Glass.uasset" 38
"../../../../../Unreal/BabaOdZiol/Content/Meble/Window.uasset" 39
"../../../Engine/Content/EngineDebugMaterials/VertexColorViewMode_GreenOnly.uasset" 40
"../../../../../Unreal/BabaOdZiol/Content/FirstPerson/Meshes/BaseMaterial.uasset" 41
"../../../../../Unreal/BabaOdZiol/Content/FirstPerson/Meshes/FirstPersonProjectileMaterial.uasset" 42
"../../../Engine/Content/EngineMaterials/DefaultMaterial.uasset" 43
"../../../Engine/Content/BasicShapes/Cone.uasset" 44
"../../../Engine/Content/BasicShapes/Cylinder.uasset" 45
"../../../Engine/Content/BasicShapes/Sphere.uasset" 46
"../../../../../Unreal/BabaOdZiol/Content/Plants/Dziurawiec.uasset" 47
"../../../../../Unreal/BabaOdZiol/Content/Plants/Chaber.uasset" 48
"../../../../../Unreal/BabaOdZiol/Content/InventoryPlants/InventoryMak.uasset" 49
"../../../../../Unreal/BabaOdZiol/Content/InventoryPlants/InventoryRumianek.uasset" 50
"../../../../../Unreal/BabaOdZiol/Content/Materials/DarkBlueMaterial.uasset" 51
"../../../../../Unreal/BabaOdZiol/Content/Materials/LightBlueMaterial.uasset" 52
"../../../../../Unreal/BabaOdZiol/Content/Meble/Bed.uasset" 53
"../../../Engine/Content/BasicShapes/BasicShapeMaterial.uasset" 54
"../../../../../Unreal/BabaOdZiol/Content/Meble/CraftingTable.uasset" 55
"../../../../../Unreal/BabaOdZiol/Content/Meble/DoorMain.uasset" 56
"../../../Engine/Content/EngineResources/Black_Low.uasset" 57
"../../../Engine/Content/EngineFonts/Faces/DroidSansFallback.uasset" 58
"../../../Engine/Content/EngineFonts/Faces/DroidSansMono.uasset" 59
"../../../Engine/Content/EngineFonts/DroidSansMono.uasset" 60
"../../../../../Unreal/BabaOdZiol/Content/menubackground.uasset" 61
"../../../../../Unreal/BabaOdZiol/Content/Widgets/WinScreen.uasset" 62
"../../../../../Unreal/BabaOdZiol/Content/Widgets/CraftingMode.uasset" 63
"../../../Engine/Content/EngineResources/Black.uasset" 64
"../../../../../Unreal/BabaOdZiol/Content/Widgets/DryingSeedsChoice.uasset" 65
"../../../Engine/Content/EngineDebugMaterials/BlackUnlitMaterial.uasset" 66
"../../../Engine/Content/EngineDebugMaterials/VertexColorViewMode_RedOnly.uasset" 67
"../../../../../Unreal/BabaOdZiol/Content/Materials/BeigeMaterial.uasset" 68
"../../../../../Unreal/BabaOdZiol/Content/Plants/Mak.uasset" 69
"../../../../../Unreal/BabaOdZiol/Content/Plants/Rumianek.uasset" 70
"../../../../../Unreal/BabaOdZiol/Content/Widgets/FlowerChoice.uasset" 71
"../../../../../Unreal/BabaOdZiol/Content/inventorybackground.uasset" 72
"../../../../../Unreal/BabaOdZiol/Content/Widgets/InventoryScreen.uasset" 73
"../../../../../Unreal/BabaOdZiol/Content/Widgets/NextDay.uasset" 74
"../../../../../Unreal/BabaOdZiol/Content/Forrest.uasset" 75
"../../../../../Unreal/BabaOdZiol/Content/Merchant.uasset" 76
"../../../../../Unreal/BabaOdZiol/Content/Widgets/ShopScreen.uasset" 77
"../../../../../Unreal/BabaOdZiol/Content/Widgets/TravelChoice.uasset" 78
"../../../../../Unreal/BabaOdZiol/Content/Player/BabaPawn.uasset" 79
"../../../../../Unreal/BabaOdZiol/Content/Widgets/HUD.uasset" 80
"../../../../../Unreal/BabaOdZiol/Content/Player/HUD.uasset" 81
"../../../../../Unreal/BabaOdZiol/Content/Widgets/PauseMenu.uasset" 82
"../../../../../Unreal/BabaOdZiol/Content/Player/PauseMenu.uasset" 83
"../../../../../Unreal/BabaOdZiol/Content/StarterContent/Materials/M_Basic_Wall.uasset" 84
"../../../../../Unreal/BabaOdZiol/Content/StarterContent/Architecture/Pillar_50x500.uasset" 85
"../../../../../Unreal/BabaOdZiol/Content/StarterContent/Architecture/Wall_400x300.uasset" 86
"../../../../../Unreal/BabaOdZiol/Content/StarterContent/Architecture/Wall_400x400.uasset" 87
"../../../../../Unreal/BabaOdZiol/Content/StarterContent/Architecture/Wall_500x500.uasset" 88
"../../../../../Unreal/BabaOdZiol/Content/StarterContent/Architecture/Wall_Door_400x400.uasset" 89
"../../../../../Unreal/BabaOdZiol/Content/StarterContent/Architecture/Wall_Window_400x400.uasset" 90
"../../../../../Unreal/BabaOdZiol/Content/StarterContent/Audio/Collapse01.uasset" 91
"../../../../../Unreal/BabaOdZiol/Content/StarterContent/Audio/Collapse02.uasset" 92
"../../../../../Unreal/BabaOdZiol/Content/StarterContent/Audio/Explosion01.uasset" 93
"../../../../../Unreal/BabaOdZiol/Content/StarterContent/Audio/Explosion02.uasset" 94
"../../../../../Unreal/BabaOdZiol/Content/StarterContent/Audio/Fire01.uasset" 95
"../../../../../Unreal/BabaOdZiol/Content/StarterContent/Audio/Fire_Sparks01.uasset" 96
"../../../../../Unreal/BabaOdZiol/Content/StarterContent/Audio/Light01.uasset" 97
"../../../../../Unreal/BabaOdZiol/Content/StarterContent/Audio/Light01_Cue.uasset" 98
"../../../../../Unreal/BabaOdZiol/Content/StarterContent/Audio/Light02.uasset" 99
"../../../../../Unreal/BabaOdZiol/Content/StarterContent/Audio/Light02_Cue.uasset" 100
"../../../../../Unreal/BabaOdZiol/Content/StarterContent/Audio/Smoke01.uasset" 101
"../../../../../Unreal/BabaOdZiol/Content/StarterContent/Audio/Starter_Birds01.uasset" 102
"../../../../../Unreal/BabaOdZiol/Content/StarterContent/Audio/Starter_Music01.uasset" 103
"../../../../../Unreal/BabaOdZiol/Content/StarterContent/Audio/Starter_Wind05.uasset" 104
"../../../../../Unreal/BabaOdZiol/Content/StarterContent/Audio/Starter_Wind06.uasset" 105
"../../../../../Unreal/BabaOdZiol/Content/StarterContent/Audio/Steam01.uasset" 106
"../../../../../Unreal/BabaOdZiol/Content/StarterContent/Audio/Explosion_Cue.uasset" 107
"../../../../../Unreal/BabaOdZiol/Content/StarterContent/Textures/T_Burst_M.uasset" 108
"../../../../../Unreal/BabaOdZiol/Content/StarterContent/Particles/Materials/M_Burst.uasset" 109
"../../../../../Unreal/BabaOdZiol/Content/StarterContent/Textures/T_Explosion_SubUV.uasset" 110
"../../../../../Unreal/BabaOdZiol/Content/StarterContent/Particles/Materials/M_explosion_subUV.uasset" 111
"../../../../../Unreal/BabaOdZiol/Content/StarterContent/Particles/Materials/m_flare_01.uasset" 112
"../../../Engine/Content/Functions/Engine_MaterialFunctions01/Gradient/RadialGradient.uasset" 113
"../../../../../Unreal/BabaOdZiol/Content/StarterContent/Particles/Materials/M_radial_ramp.uasset" 114
"../../../../../Unreal/BabaOdZiol/Content/StarterContent/Textures/T_Smoke_SubUV.uasset" 115
"../../../../../Unreal/BabaOdZiol/Content/StarterContent/Textures/T_Smoke_Tiled_D.uasset" 116
"../../../../../Unreal/BabaOdZiol/Content/StarterContent/Particles/Materials/M_smoke_subUV.uasset" 117
"../../../../../Unreal/BabaOdZiol/Content/StarterContent/Particles/P_Explosion.uasset" 118
"../../../../../Unreal/BabaOdZiol/Content/StarterContent/Blueprints/Blueprint_Effect_Explosion.uasset" 119
"../../../Engine/Content/EditorMeshes/ColorCalibrator/T_ColorGrid.uasset" 120
"../../../../../Unreal/BabaOdZiol/Content/StarterContent/Materials/M_ColorGrid_LowSpec.uasset" 121
"../../../../../Unreal/BabaOdZiol/Content/StarterContent/Textures/T_Bush_D.uasset" 122
"../../../../../Unreal/BabaOdZiol/Content/StarterContent/Textures/T_Bush_N.uasset" 123
"../../../../../Unreal/BabaOdZiol/Content/StarterContent/Props/Materials/M_Bush.uasset" 124
"../../../../../Unreal/BabaOdZiol/Content/StarterContent/Props/SM_Bush.uasset" 125
"../../../../../Unreal/BabaOdZiol/Content/StarterContent/Textures/T_Chair_M.uasset" 126
"../../../../../Unreal/BabaOdZiol/Content/StarterContent/Textures/T_Chair_N.uasset" 127
"../../../../../Unreal/BabaOdZiol/Content/StarterContent/Props/Materials/M_Chair.uasset" 128
"../../../../../Unreal/BabaOdZiol/Content/StarterContent/Props/SM_Couch.uasset" 129
"../../../../../Unreal/BabaOdZiol/Content/StarterContent/Textures/T_Door_M.uasset" 130
"../../../../../Unreal/BabaOdZiol/Content/StarterContent/Textures/T_Door_N.uasset" 131
"../../../../../Unreal/BabaOdZiol/Content/StarterContent/Props/Materials/M_Door.uasset" 132
"../../../../../Unreal/BabaOdZiol/Content/StarterContent/Props/SM_Door.uasset" 133
"../../../../../Unreal/BabaOdZiol/Content/StarterContent/Props/Materials/M_MaterialSphere.uasset" 134
"../../../../../Unreal/BabaOdZiol/Content/StarterContent/Props/Materials/M_MaterialSphere_Plain.uasset" 135
"../../../../../Unreal/BabaOdZiol/Content/StarterContent/Props/SM_MatPreviewMesh_02.uasset" 136
"../../../Engine/Content/Functions/Engine_MaterialFunctions02/Utility/BlendAngleCorrectedNormals.uasset" 137
"../../../../../Unreal/BabaOdZiol/Content/StarterContent/Textures/T_Detail_Rocky_N.uasset" 138
"../../../../../Unreal/BabaOdZiol/Content/StarterContent/Textures/T_Rock_Basalt_D.uasset" 139
"../../../../../Unreal/BabaOdZiol/Content/StarterContent/Textures/T_RockMesh_M.uasset" 140
"../../../../../Unreal/BabaOdZiol/Content/StarterContent/Textures/T_RockMesh_N.uasset" 141
"../../../../../Unreal/BabaOdZiol/Content/StarterContent/Props/Materials/M_Rock.uasset" 142
"../../../../../Unreal/BabaOdZiol/Content/StarterContent/Props/SM_Rock.uasset" 143
"../../../../../Unreal/BabaOdZiol/Content/StarterContent/Textures/T_Shelf_M.uasset" 144
"../../../../../Unreal/BabaOdZiol/Content/StarterContent/Textures/T_Shelf_N.uasset" 145
"../../../../../Unreal/BabaOdZiol/Content/StarterContent/Props/Materials/M_Shelf.uasset" 146
"../../../../../Unreal/BabaOdZiol/Content/StarterContent/Props/SM_Shelf.uasset" 147
"../../../../../Unreal/BabaOdZiol/Content/StarterContent/Materials/M_Basic_Floor.uasset" 148
"../../../../../Unreal/BabaOdZiol/Content/StarterContent/Props/SM_Stairs.uasset" 149
"../../../../../Unreal/BabaOdZiol/Content/StarterContent/Shapes/Shape_Cone.uasset" 150
"../../../../../Unreal/BabaOdZiol/Content/StarterContent/Shapes/Shape_Cylinder.uasset" 151
"../../../../../Unreal/BabaOdZiol/Content/StarterContent/Shapes/Shape_NarrowCapsule.uasset" 152
"../../../../../Unreal/BabaOdZiol/Content/StarterContent/Shapes/Shape_Pipe.uasset" 153
"../../../../../Unreal/BabaOdZiol/Content/StarterContent/Shapes/Shape_Pipe_180.uasset" 154
"../../../../../Unreal/BabaOdZiol/Content/StarterContent/Shapes/Shape_Pipe_90.uasset" 155
"../../../../../Unreal/BabaOdZiol/Content/StarterContent/Shapes/Shape_Plane.uasset" 156
"../../../../../Unreal/BabaOdZiol/Content/StarterContent/Shapes/Shape_Torus.uasset" 157
"../../../../../Unreal/BabaOdZiol/Content/StarterContent/Shapes/Shape_Trim.uasset" 158
"../../../../../Unreal/BabaOdZiol/Content/StarterContent/Shapes/Shape_Trim_90_In.uasset" 159
"../../../../../Unreal/BabaOdZiol/Content/StarterContent/Shapes/Shape_Trim_90_Out.uasset" 160
"../../../../../Unreal/BabaOdZiol/Content/StarterContent/Shapes/Shape_TriPyramid.uasset" 161
"../../../../../Unreal/BabaOdZiol/Content/StarterContent/Shapes/Shape_Tube.uasset" 162
"../../../../../Unreal/BabaOdZiol/Content/StarterContent/Shapes/Shape_Wedge_A.uasset" 163
"../../../../../Unreal/BabaOdZiol/Content/StarterContent/Shapes/Shape_Wedge_B.uasset" 164
"../../../../../Unreal/BabaOdZiol/Content/StarterContent/Shapes/Shape_WideCapsule.uasset" 165
"../../../../../Unreal/BabaOdZiol/Content/Widgets/DryingChoice.uasset" 166
"../../../../../Unreal/BabaOdZiol/Content/Widgets/Inventory.uasset" 167
"../../../Engine/Content/Animation/DefaultAnimBoneCompressionSettings.uasset" 168
"../../../Engine/Content/Animation/DefaultAnimCurveCompressionSettings.uasset" 169
"../../../Engine/Content/ArtTools/RenderToTexture/Meshes/S_1_Unit_Plane.uasset" 170
"../../../Engine/Content/BasicShapes/Plane.uasset" 171
"../../../Engine/Content/EditorLandscapeResources/DataLayer.uasset" 172
"../../../Engine/Content/EditorMaterials/MAT_Groups_Toggle.uasset" 173
"../../../Engine/Content/EditorMaterials/MAT_Groups_Visibility.uasset" 174
"../../../Engine/Content/EditorMaterials/PreviewShadowIndicator.uasset" 175
"../../../Engine/Content/EditorMaterials/PreviewShadowIndicatorMaterial.uasset" 176
"../../../Engine/Content/EditorMaterials/MatineeGroups/MAT_ColorTrack.uasset" 177
"../../../Engine/Content/EditorMaterials/MatineeGroups/MAT_Groups_Anim.uasset" 178
"../../../Engine/Content/EditorMaterials/MatineeGroups/MAT_Groups_AudioMaster.uasset" 179
"../../../Engine/Content/EditorMaterials/MatineeGroups/MAT_Groups_Director.uasset" 180
"../../../Engine/Content/EditorMaterials/MatineeGroups/MAT_Groups_Event.uasset" 181
"../../../Engine/Content/EditorMaterials/MatineeGroups/MAT_Groups_Fade.uasset" 182
"../../../Engine/Content/EditorMaterials/MatineeGroups/MAT_Groups_Float.uasset" 183
"../../../Engine/Content/EditorMaterials/MatineeGroups/MAT_Groups_Move.uasset" 184
"../../../Engine/Content/EditorMaterials/MatineeGroups/MAT_Groups_Slomo.uasset" 185
"../../../Engine/Content/EditorMaterials/MatineeGroups/MAT_Groups_Sound.uasset" 186
"../../../Engine/Content/EditorMaterials/MatineeGroups/MAT_Groups_Vector.uasset" 187
"../../../Engine/Content/EditorMaterials/ParticleSystems/PSysThumbnail_NoImage.uasset" 188
"../../../Engine/Content/EditorMaterials/ParticleSystems/PSysThumbnail_OOD.uasset" 189
"../../../Engine/Content/EditorMaterials/Camera/CineMat.uasset" 190
"../../../Engine/Content/EditorMaterials/Camera/MI_CineMat_Rig.uasset" 191
"../../../Engine/Content/EditorMeshes/Camera/SM_CraneRig_Arm.uasset" 192
"../../../Engine/Content/EditorMeshes/Camera/SM_CraneRig_Base.uasset" 193
"../../../Engine/Content/EditorMeshes/Camera/SM_CraneRig_Body.uasset" 194
"../../../Engine/Content/EditorMeshes/Camera/SM_CraneRig_Mount.uasset" 195
"../../../Engine/Content/EditorMeshes/Camera/SM_RailRig_Mount.uasset" 196
"../../../Engine/Content/EditorMeshes/Camera/SM_RailRig_Track.uasset" 197
"../../../Engine/Content/EditorResources/BSPVertex.uasset" 198
"../../../Engine/Content/EditorResources/EmptyActor.uasset" 199
"../../../Engine/Content/EditorResources/S_Actor.uasset" 200
"../../../Engine/Content/EditorResources/S_Note.uasset" 201
"../../../Engine/Content/EditorResources/S_Solver.uasset" 202
"../../../Engine/Content/EditorResources/S_Trigger.uasset" 203
"../../../Engine/Content/EditorResources/AudioIcons/S_AudioComponent.uasset" 204
"../../../Engine/Content/EditorResources/AudioIcons/S_AudioComponent_AutoActivate.uasset" 205
"../../../Engine/Content/EditorResources/LightIcons/S_LightError.uasset" 206
"../../../Engine/Content/EditorResources/SequenceRecorder/Countdown.uasset" 207
"../../../Engine/Content/EditorResources/SequenceRecorder/RecordingIndicator.uasset" 208
"../../../Engine/Content/EditorSounds/Notifications/CompileFailed.uasset" 209
"../../../Engine/Content/EditorSounds/Notifications/CompileFailed_Cue.uasset" 210
"../../../Engine/Content/EditorSounds/Notifications/CompileSuccess.uasset" 211
"../../../Engine/Content/EditorSounds/Notifications/CompileStart_Cue.uasset" 212
"../../../Engine/Content/EditorSounds/Notifications/CompileSuccess_Cue.uasset" 213
"../../../Engine/Content/EngineDamageTypes/DmgTypeBP_Environmental.uasset" 214
"../../../Engine/Content/EngineDebugMaterials/DebugEditorMaterial.uasset" 215
"../../../Engine/Content/EngineDebugMaterials/DebugMeshMaterial.uasset" 216
"../../../Engine/Content/EngineDebugMaterials/M_SimpleUnlitTranslucent.uasset" 217
"../../../Engine/Content/Functions/Engine_MaterialFunctions02/Utility/CameraDirectionVector.uasset" 218
"../../../Engine/Content/EngineDebugMaterials/VolumeToRender.uasset" 219
"../../../Engine/Content/EngineDebugMaterials/M_VolumeRenderSphereTracePP.uasset" 220
"../../../Engine/Content/EngineDebugMaterials/WireframeMaterial.uasset" 221
"../../../Engine/Content/EngineFonts/Faces/RobotoBold.uasset" 222
"../../../Engine/Content/EngineFonts/Faces/RobotoBoldItalic.uasset" 223
"../../../Engine/Content/EngineFonts/Faces/RobotoItalic.uasset" 224
"../../../Engine/Content/EngineFonts/Faces/RobotoLight.uasset" 225
"../../../Engine/Content/EngineFonts/Faces/RobotoRegular.uasset" 226
"../../../Engine/Content/EngineFonts/Roboto.uasset" 227
"../../../Engine/Content/EngineMaterials/BaseFlattenDiffuseMap.uasset" 228
"../../../Engine/Content/EngineMaterials/BaseFlattenEmissiveMap.uasset" 229
"../../../Engine/Content/EngineMaterials/BaseFlattenGrayscaleMap.uasset" 230
"../../../Engine/Content/EngineMaterials/BaseFlattenNormalMap.uasset" 231
"../../../Engine/Content/EngineMaterials/BaseFlattenMaterial.uasset" 232
"../../../Engine/Content/EngineMaterials/BlueNoise.uasset" 233
"../../../Engine/Content/EngineMaterials/DefaultBloomKernel.uasset" 234
"../../../Engine/Content/EngineMaterials/DefaultBokeh.uasset" 235
"../../../Engine/Content/EngineMaterials/DefaultDiffuse.uasset" 236
"../../../Engine/Content/EngineMaterials/DefaultDeferredDecalMaterial.uasset" 237
"../../../Engine/Content/EngineMaterials/DefaultLightFunctionMaterial.uasset" 238
"../../../Engine/Content/Functions/Engine_MaterialFunctions02/Utility/BreakOutFloat2Components.uasset" 239
"../../../Engine/Content/EngineMaterials/DefaultPostProcessMaterial.uasset" 240
"../../../Engine/Content/EngineFonts/RobotoDistanceField.uasset" 241
"../../../Engine/Content/EngineMaterials/DefaultTextMaterialOpaque.uasset" 242
"../../../Engine/Content/EngineMaterials/DefaultWhiteGrid.uasset" 243
"../../../Engine/Content/EngineMaterials/DefaultWhiteGrid_Low.uasset" 244
"../../../Engine/Content/EngineMaterials/EmissiveMeshMaterial.uasset" 245
"../../../Engine/Content/EngineMaterials/GizmoMaterial.uasset" 246
"../../../Engine/Content/EngineMaterials/Good64x64TilingNoiseHighFreq.uasset" 247
"../../../Engine/Content/EngineMaterials/MiniFont.uasset" 248
"../../../Engine/Content/EngineMaterials/InvalidLightmapSettings.uasset" 249
"../../../Engine/Content/EngineMaterials/M_InvalidLightmapSettings.uasset" 250
"../../../Engine/Content/Functions/Engine_MaterialFunctions02/WorldPositionOffset/CameraOffset.uasset" 251
"../../../Engine/Content/EngineMaterials/PhAT_JointLimitMaterial.uasset" 252
"../../../Engine/Content/EngineMaterials/PreintegratedSkinBRDF.uasset" 253
"../../../Engine/Content/EngineMaterials/RemoveSurfaceMaterial.uasset" 254
"../../../Engine/Content/EngineMaterials/WeightMapPlaceholderTexture.uasset" 255
"../../../Engine/Content/EngineResources/WhiteSquareTexture.uasset" 256
"../../../Engine/Content/EngineMaterials/Widget3DPassThrough.uasset" 257
"../../../Engine/Content/EngineMaterials/Widget3DPassThrough_Masked.uasset" 258
"../../../Engine/Content/EngineMaterials/Widget3DPassThrough_Opaque.uasset" 259
"../../../Engine/Content/EngineMaterials/Widget3DPassThrough_Masked_OneSided.uasset" 260
"../../../Engine/Content/EngineMaterials/Widget3DPassThrough_Opaque_OneSided.uasset" 261
"../../../Engine/Content/EngineMaterials/Widget3DPassThrough_Translucent.uasset" 262
"../../../Engine/Content/EngineMaterials/Widget3DPassThrough_Translucent_OneSided.uasset" 263
"../../../Engine/Content/EngineMeshes/Cylinder.uasset" 264
"../../../Engine/Content/EngineMeshes/Sphere.uasset" 265
"../../../Engine/Content/EngineResources/DefaultTexture.uasset" 266
"../../../Engine/Content/EngineResources/DefaultTextureCube.uasset" 267
"../../../Engine/Content/EngineResources/DefaultVolumeTexture2D.uasset" 268
"../../../Engine/Content/EngineResources/DefaultVolumeTexture.uasset" 269
"../../../Engine/Content/EngineResources/GradientTexture0.uasset" 270
"../../../Engine/Content/EngineSounds/Master.uasset" 271
"../../../Engine/Content/Functions/Engine_MaterialFunctions01/Shading/ConvertFromDiffSpec.uasset" 272
"../../../Engine/Content/Functions/Engine_MaterialFunctions01/Shading/PowerToRoughness.uasset" 273
"../../../Engine/Content/Maps/Templates/Thumbnails/Default.uasset" 274
"../../../Engine/Content/Maps/Templates/Thumbnails/TimeOfDay.uasset" 275
"../../../Engine/Content/Maps/Templates/Thumbnails/VR-Basic.uasset" 276
"../../../Engine/Content/MobileResources/T_MobileControls_texture.uasset" 277
"../../../Engine/Content/MobileResources/T_MobileMenu2.uasset" 278
"../../../Engine/Content/MobileResources/HUD/AnalogHat.uasset" 279
"../../../Engine/Content/MobileResources/HUD/VirtualJoystick_Background.uasset" 280
"../../../Engine/Content/MobileResources/HUD/VirtualJoystick_Thumb.uasset" 281
"../../../Engine/Content/MobileResources/HUD/DefaultVirtualJoysticks.uasset" 282
"../../../Engine/Content/MobileResources/HUD/LeftVirtualJoystickOnly.uasset" 283
"../../../Engine/Content/MobileResources/HUD/MobileHUDButton1_off.uasset" 284
"../../../Engine/Content/MobileResources/HUD/MobileHUDButton1_on.uasset" 285
"../../../Engine/Content/MobileResources/HUD/MobileHUDButton2_off.uasset" 286
"../../../Engine/Content/MobileResources/HUD/MobileHUDButton2_on.uasset" 287
"../../../Engine/Content/MobileResources/HUD/MobileHUDButton3.uasset" 288
"../../../Engine/Content/MobileResources/HUD/MobileHUDButtonFire.uasset" 289
"../../../Engine/Content/MobileResources/HUD/MobileHUDDirectionPad.uasset" 290
"../../../Engine/Content/MobileResources/HUD/MobileHUDDirectionPad2.uasset" 291
"../../../Engine/Content/MobileResources/HUD/MobileHUDDirectionPad3.uasset" 292
"../../../Engine/Content/MobileResources/HUD/MobileHUDDirectionStick.uasset" 293
"../../../Engine/Content/MobileResources/HUD/T_Castle_ThumbstickInner.uasset" 294
"../../../Engine/Content/MobileResources/HUD/T_Castle_ThumbstickOutter.uasset" 295
"../../../Engine/Content/Tutorial/ContentIntroCurve.uasset" 296
"../../../Engine/Content/Tutorial/Basics/LevelEditorAttract.uasset" 297
"../../../Engine/Content/Tutorial/Basics/TutorialAssets/icon_tab_Levels_40x.uasset" 298
"../../../Engine/Content/Tutorial/Basics/LevelEditorOverview.uasset" 299
"../../../Engine/Content/VREditor/LaserPointer/VR_LaserPower_01.uasset" 300
"../../../Engine/Content/VREditor/TransformGizmo/TransformGizmoMaterial.uasset" 301
"../../../Engine/Content/VREditor/TransformGizmo/TranslucentTransformGizmoMaterial.uasset" 302
"../../../Engine/Content/VREditor/TransformGizmo/BoundingBoxCorner.uasset" 303
"../../../Engine/Content/VREditor/TransformGizmo/BoundingBoxEdge.uasset" 304
"../../../Engine/Content/VREditor/TransformGizmo/PlaneTranslationHandle.uasset" 305
"../../../Engine/Content/VREditor/TransformGizmo/Main.uasset" 306
"../../../Engine/Content/VREditor/TransformGizmo/Xray.uasset" 307
"../../../Engine/Content/VREditor/TransformGizmo/SM_Sequencer_Key.uasset" 308
"../../../Engine/Content/VREditor/TransformGizmo/SM_Sequencer_Node.uasset" 309
"../../Plugins/2D/Paper2D/Content/PlaceholderTextures/DummySpriteTexture.uasset" 310
"../../Plugins/2D/Paper2D/Content/DummySprite.uasset" 311
"../../Plugins/2D/Paper2D/Content/DefaultPaperTerrainMaterial.uasset" 312
"../../Plugins/2D/Paper2D/Content/DefaultSpriteMaterial.uasset" 313
"../../Plugins/2D/Paper2D/Content/MaskedUnlitSpriteMaterial.uasset" 314
"../../Plugins/2D/Paper2D/Content/OpaqueUnlitSpriteMaterial.uasset" 315
"../../Plugins/FX/Niagara/Content/Enums/ENiagaraBooleanLogicOps.uasset" 316
"../../Plugins/FX/Niagara/Content/Enums/ENiagaraCoordinateSpace.uasset" 317
"../../Plugins/FX/Niagara/Content/Enums/ENiagaraExpansionMode.uasset" 318
"../../Plugins/FX/Niagara/Content/Enums/ENiagaraOrientationAxis.uasset" 319
"../../Plugins/FX/Niagara/Content/Enums/ENiagaraRandomnessMode.uasset" 320
"../../../Engine/Content/Functions/Engine_MaterialFunctions02/Utility/BreakOutFloat4Components.uasset" 321
"../../../Engine/Content/Functions/Engine_MaterialFunctions02/Utility/MakeFloat2.uasset" 322
"../../../Engine/Content/Functions/Engine_MaterialFunctions02/Utility/MakeFloat3.uasset" 323
"../../Plugins/Runtime/Oculus/OculusVR/Content/Materials/OculusMR_ChromaKey.uasset" 324
"../../Plugins/Runtime/Oculus/OculusVR/Content/Materials/OculusMR_ChromaKey_Lit.uasset" 325
"../../Plugins/Runtime/Oculus/OculusVR/Content/Materials/OculusMR_OpaqueColoredMaterial.uasset" 326
"../../Plugins/Runtime/Oculus/OculusVR/Content/Materials/OculusMR_WhiteMaterial.uasset" 327
"../../../Engine/Content/EngineSky/C_Sky_Cloud_Color.uasset" 328
"../../../Engine/Content/EngineSky/C_Sky_Horizon_Color.uasset" 329
"../../../Engine/Content/EngineSky/C_Sky_Zenith_Color.uasset" 330
"../../../Engine/Content/EngineSky/T_Sky_Blue.uasset" 331
"../../../Engine/Content/EngineSky/T_Sky_Clouds_M.uasset" 332
"../../../Engine/Content/EngineSky/T_Sky_Stars.uasset" 333
"../../../Engine/Content/EngineSky/M_Sky_Panning_Clouds2.uasset" 334
"../../../Engine/Content/EngineSky/SM_SkySphere.uasset" 335
"../../../Engine/Content/EngineSky/BP_Sky_Sphere.uasset" 336
"../../../../../Unreal/BabaOdZiol/Content/Player/BabaPlayerController.uasset" 337
"../../../../../Unreal/BabaOdZiol/Content/FirstPersonBP/Blueprints/FirstPersonGameMode.uasset" 338
"../../../../../Unreal/BabaOdZiol/Content/Meble/DryingRack.uasset" 339
"../../../../../Unreal/BabaOdZiol/Content/Meble/Fence.uasset" 340
"../../../../../Unreal/BabaOdZiol/Content/Baba_BuiltData.uasset" 341
"../../../../../Unreal/BabaOdZiol/Content/StarterContent/Textures/T_ground_Moss_D.uasset" 342
"../../../../../Unreal/BabaOdZiol/Content/StarterContent/Textures/T_Ground_Moss_N.uasset" 343
"../../../../../Unreal/BabaOdZiol/Content/StarterContent/Textures/T_MacroVariation.uasset" 344
"../../../../../Unreal/BabaOdZiol/Content/StarterContent/Textures/T_Perlin_Noise_M.uasset" 345
"../../../../../Unreal/BabaOdZiol/Content/StarterContent/Materials/M_Ground_Moss.uasset" 346
"../../../../../Unreal/BabaOdZiol/Content/StarterContent/Textures/T_Metal_Aluminum_D.uasset" 347
"../../../../../Unreal/BabaOdZiol/Content/StarterContent/Textures/T_Metal_Gold_N.uasset" 348
"../../../../../Unreal/BabaOdZiol/Content/StarterContent/Materials/M_Metal_Burnished_Steel.uasset" 349
"../../../../../Unreal/BabaOdZiol/Content/StarterContent/Textures/T_Metal_Rust_D.uasset" 350
"../../../../../Unreal/BabaOdZiol/Content/StarterContent/Textures/T_Metal_Rust_N.uasset" 351
"../../../../../Unreal/BabaOdZiol/Content/StarterContent/Materials/M_Metal_Rust.uasset" 352
"../../../Engine/Content/EngineMaterials/DefaultPhysicalMaterial.uasset" 353
"../../../../../Unreal/BabaOdZiol/Content/Baba.umap" 354
"../../../../../Unreal/BabaOdZiol/Content/Widgets/MainMenu.uasset" 355
"../../../../../Unreal/BabaOdZiol/Content/Player/MainMenu.uasset" 356
"../../../../../Unreal/BabaOdZiol/Content/MainMenu.umap" 357
"../../../../../Unreal/BabaOdZiol/Content/FirstPerson/Animations/FirstPerson_Fire.uasset" 358
"../../../../../Unreal/BabaOdZiol/Content/FirstPerson/Animations/FirstPersonFire_Montage.uasset" 359
"../../../../../Unreal/BabaOdZiol/Content/FirstPerson/Meshes/FirstPersonProjectileMesh.uasset" 360
"../../../../../Unreal/BabaOdZiol/Content/FirstPersonBP/Blueprints/FirstPersonProjectile.uasset" 361
"../../../../../Unreal/BabaOdZiol/Content/FirstPerson/Audio/FirstPersonTemplateWeaponFire02.uasset" 362
"../../../Engine/Content/Functions/MaterialLayerFunctions/MatLayerBlend_NormalBlend.uasset" 363
"../../../Engine/Content/Functions/MaterialLayerFunctions/MatLayerBlend_Simple.uasset" 364
"../../../../../Unreal/BabaOdZiol/Content/FirstPerson/Character/Materials/MaterialLayers/T_ML_Rubber_Blue_01_D.uasset" 365
"../../../../../Unreal/BabaOdZiol/Content/FirstPerson/Character/Materials/MaterialLayers/T_ML_Rubber_Blue_01_N.uasset" 366
"../../../../../Unreal/BabaOdZiol/Content/FirstPerson/Character/Materials/MaterialLayers/ML_GlossyBlack_Latex_UE4.uasset" 367
"../../../../../Unreal/BabaOdZiol/Content/FirstPerson/Character/Materials/MaterialLayers/ML_Plastic_Shiny_Beige.uasset" 368
"../../../../../Unreal/BabaOdZiol/Content/FirstPerson/Character/Materials/MaterialLayers/ML_Plastic_Shiny_Beige_LOGO.uasset" 369
"../../../../../Unreal/BabaOdZiol/Content/FirstPerson/Character/Materials/MaterialLayers/T_ML_Aluminum01.uasset" 370
"../../../../../Unreal/BabaOdZiol/Content/FirstPerson/Character/Materials/MaterialLayers/T_ML_Aluminum01_N.uasset" 371
"../../../../../Unreal/BabaOdZiol/Content/FirstPerson/Character/Materials/MaterialLayers/ML_SoftMetal_UE4.uasset" 372
"../../../../../Unreal/BabaOdZiol/Content/FirstPerson/Character/Textures/UE4_Mannequin__normals.uasset" 373
"../../../../../Unreal/BabaOdZiol/Content/FirstPerson/Character/Textures/UE4_Mannequin_MAT_MASKA.uasset" 374
"../../../../../Unreal/BabaOdZiol/Content/FirstPerson/Character/Materials/M_UE4Man_Body.uasset" 375
"../../../../../Unreal/BabaOdZiol/Content/FirstPerson/Character/Mesh/SK_Mannequin_Arms_PhysicsAsset.uasset" 376
"../../../../../Unreal/BabaOdZiol/Content/FirstPerson/Character/Mesh/SK_Mannequin_Arms.uasset" 377
"../../../../../Unreal/BabaOdZiol/Content/FirstPerson/FPWeapon/Materials/MaterialLayers/T_ML_Rubber_Blue_01_D.uasset" 378
"../../../../../Unreal/BabaOdZiol/Content/FirstPerson/FPWeapon/Materials/MaterialLayers/T_ML_Rubber_Blue_01_N.uasset" 379
"../../../../../Unreal/BabaOdZiol/Content/FirstPerson/FPWeapon/Materials/MaterialLayers/ML_GlossyBlack_Latex_UE4.uasset" 380
"../../../../../Unreal/BabaOdZiol/Content/FirstPerson/FPWeapon/Materials/MaterialLayers/ML_Plastic_Shiny_Beige.uasset" 381
"../../../../../Unreal/BabaOdZiol/Content/FirstPerson/FPWeapon/Materials/MaterialLayers/ML_Screen.uasset" 382
"../../../../../Unreal/BabaOdZiol/Content/FirstPerson/FPWeapon/Materials/MaterialLayers/T_ML_Aluminum01.uasset" 383
"../../../../../Unreal/BabaOdZiol/Content/FirstPerson/FPWeapon/Materials/MaterialLayers/T_ML_Aluminum01_N.uasset" 384
"../../../../../Unreal/BabaOdZiol/Content/FirstPerson/FPWeapon/Materials/MaterialLayers/ML_SoftMetal_UE4.uasset" 385
"../../../../../Unreal/BabaOdZiol/Content/FirstPerson/FPWeapon/Textures/T_FPGun_M.uasset" 386
"../../../../../Unreal/BabaOdZiol/Content/FirstPerson/FPWeapon/Textures/T_FPGun_N.uasset" 387
"../../../../../Unreal/BabaOdZiol/Content/FirstPerson/FPWeapon/Materials/M_FPGun.uasset" 388
"../../../../../Unreal/BabaOdZiol/Content/FirstPerson/FPWeapon/Mesh/SK_FPGun_Skeleton.uasset" 389
"../../../../../Unreal/BabaOdZiol/Content/FirstPerson/FPWeapon/Mesh/SK_FPGun.uasset" 390
"../../../../../Unreal/BabaOdZiol/Content/FirstPersonBP/Blueprints/FirstPersonCharacter.uasset" 391
"../../../../../Unreal/BabaOdZiol/Content/FirstPersonBP/Maps/FirstPersonExampleMap_BuiltData.uasset" 392
"../../../Engine/Content/Functions/Engine_MaterialFunctions03/Procedurals/ComputeFilterWidth.uasset" 393
"../../../Engine/Content/EngineMaterials/AntiAliasedTextMaterialTranslucent.uasset" 394
"../../../../../Unreal/BabaOdZiol/Content/FirstPerson/Meshes/CubeMaterialOverride.uasset" 395
"../../../../../Unreal/BabaOdZiol/Content/Geometry/Meshes/1M_Cube.uasset" 396
"../../../../../Unreal/BabaOdZiol/Content/FirstPersonBP/Maps/FirstPersonExampleMap.umap" 397
"../../../../../Unreal/BabaOdZiol/Content/StarterContent/Blueprints/Assets/FogBrightnessLUT.uasset" 398
"../../../../../Unreal/BabaOdZiol/Content/StarterContent/Blueprints/Assets/SunlightColorLUT.uasset" 399
"../../../../../Unreal/BabaOdZiol/Content/StarterContent/Blueprints/Assets/M_LightStage_Arrows.uasset" 400
"../../../Engine/Content/MapTemplates/Sky/DaylightAmbientCubemap.uasset" 401
"../../../../../Unreal/BabaOdZiol/Content/StarterContent/Blueprints/Assets/M_LightStage_Skybox_Master.uasset" 402
"../../../../../Unreal/BabaOdZiol/Content/StarterContent/Blueprints/Assets/M_LightStage_Skybox_Black.uasset" 403
"../../../../../Unreal/BabaOdZiol/Content/StarterContent/Blueprints/Assets/M_LightStage_Skybox_HDRI.uasset" 404
"../../../Engine/Content/EditorMaterials/Thumbnails/SkySphereMaterial.uasset" 405
"../../../../../Unreal/BabaOdZiol/Content/StarterContent/Blueprints/Assets/Skybox.uasset" 406
"../../../../../Unreal/BabaOdZiol/Content/StarterContent/Blueprints/Assets/SM_Arrows.uasset" 407
"../../../../../Unreal/BabaOdZiol/Content/StarterContent/HDRI/HDRI_Epic_Courtyard_Daylight.uasset" 408
"../../../../../Unreal/BabaOdZiol/Content/StarterContent/Blueprints/BP_LightStudio.uasset" 409
"../../../../../Unreal/BabaOdZiol/Content/StarterContent/Maps/Advanced_Lighting_BuiltData.uasset" 410
"../../../../../Unreal/BabaOdZiol/Content/StarterContent/Materials/M_AssetPlatform.uasset" 411
"../../../Engine/Content/EditorMeshes/ColorCalibrator/M_ChromeBall.uasset" 412
"../../../Engine/Content/EditorMeshes/ColorCalibrator/M_ClearCoat.uasset" 413
"../../../Engine/Content/EditorMeshes/ColorCalibrator/M_ClearCoatBlack.uasset" 414
"../../../Engine/Content/EditorMeshes/ColorCalibrator/Color_checker.uasset" 415
"../../../Engine/Content/EditorMeshes/ColorCalibrator/M_ColorGrid.uasset" 416
"../../../Engine/Content/EditorMeshes/ColorCalibrator/M_GreyBall.uasset" 417
"../../../Engine/Content/EditorMeshes/ColorCalibrator/SM_ColorCalibrator.uasset" 418
"../../../../../Unreal/BabaOdZiol/Content/StarterContent/Architecture/SM_AssetPlatform.uasset" 419
"../../../../../Unreal/BabaOdZiol/Content/StarterContent/Maps/Advanced_Lighting.umap" 420
"../../../../../Unreal/BabaOdZiol/Content/StarterContent/Maps/Minimal_Default_BuiltData.uasset" 421
"../../../../../Unreal/BabaOdZiol/Content/StarterContent/Materials/M_Metal_Brushed_Nickel.uasset" 422
"../../../../../Unreal/BabaOdZiol/Content/StarterContent/Textures/T_Metal_Copper_D.uasset" 423
"../../../../../Unreal/BabaOdZiol/Content/StarterContent/Materials/M_Metal_Copper.uasset" 424
"../../../../../Unreal/BabaOdZiol/Content/StarterContent/Textures/T_Statue_M.uasset" 425
"../../../../../Unreal/BabaOdZiol/Content/StarterContent/Textures/T_Statue_N.uasset" 426
"../../../../../Unreal/BabaOdZiol/Content/StarterContent/Props/Materials/M_StatueGlass.uasset" 427
"../../../../../Unreal/BabaOdZiol/Content/StarterContent/Architecture/Floor_400x400.uasset" 428
"../../../../../Unreal/BabaOdZiol/Content/StarterContent/Audio/Starter_Background_Cue.uasset" 429
"../../../../../Unreal/BabaOdZiol/Content/StarterContent/Props/SM_Chair.uasset" 430
"../../../../../Unreal/BabaOdZiol/Content/StarterContent/Props/Materials/M_Statue.uasset" 431
"../../../../../Unreal/BabaOdZiol/Content/StarterContent/Props/SM_Statue.uasset" 432
"../../../../../Unreal/BabaOdZiol/Content/StarterContent/Textures/T_TableRound_M.uasset" 433
"../../../../../Unreal/BabaOdZiol/Content/StarterContent/Textures/T_TableRound_N.uasset" 434
"../../../../../Unreal/BabaOdZiol/Content/StarterContent/Props/Materials/M_TableRound.uasset" 435
"../../../../../Unreal/BabaOdZiol/Content/StarterContent/Props/SM_TableRound.uasset" 436
"../../../../../Unreal/BabaOdZiol/Content/StarterContent/Maps/Minimal_Default.umap" 437
"../../../../../Unreal/BabaOdZiol/Content/StarterContent/Audio/Fire01_Cue.uasset" 438
"../../../../../Unreal/BabaOdZiol/Content/StarterContent/Textures/T_Fire_SubUV.uasset" 439
"../../../../../Unreal/BabaOdZiol/Content/StarterContent/Textures/T_Fire_Tiled_D.uasset" 440
"../../../../../Unreal/BabaOdZiol/Content/StarterContent/Particles/Materials/M_Fire_SubUV.uasset" 441
"../../../../../Unreal/BabaOdZiol/Content/StarterContent/Textures/T_Water_N.uasset" 442
"../../../../../Unreal/BabaOdZiol/Content/StarterContent/Particles/Materials/M_Heat_Distortion.uasset" 443
"../../../../../Unreal/BabaOdZiol/Content/StarterContent/Particles/Materials/M_Radial_Gradient.uasset" 444
"../../../../../Unreal/BabaOdZiol/Content/StarterContent/Particles/P_Fire.uasset" 445
"../../../../../Unreal/BabaOdZiol/Content/StarterContent/Blueprints/Blueprint_Effect_Fire.uasset" 446
"../../../../../Unreal/BabaOdZiol/Content/StarterContent/Audio/Smoke01_Cue.uasset" 447
"../../../../../Unreal/BabaOdZiol/Content/StarterContent/Particles/P_Smoke.uasset" 448
"../../../../../Unreal/BabaOdZiol/Content/StarterContent/Blueprints/Blueprint_Effect_Smoke.uasset" 449
"../../../../../Unreal/BabaOdZiol/Content/StarterContent/Audio/Fire_Sparks01_Cue.uasset" 450
"../../../../../Unreal/BabaOdZiol/Content/StarterContent/Textures/T_Spark_Core.uasset" 451
"../../../../../Unreal/BabaOdZiol/Content/StarterContent/Particles/Materials/M_Spark.uasset" 452
"../../../../../Unreal/BabaOdZiol/Content/StarterContent/Particles/P_Sparks.uasset" 453
"../../../../../Unreal/BabaOdZiol/Content/StarterContent/Blueprints/Blueprint_Effect_Sparks.uasset" 454
"../../../../../Unreal/BabaOdZiol/Content/StarterContent/Audio/Steam01_Cue.uasset" 455
"../../../../../Unreal/BabaOdZiol/Content/StarterContent/Particles/P_Steam_Lit.uasset" 456
"../../../../../Unreal/BabaOdZiol/Content/StarterContent/Blueprints/Blueprint_Effect_Steam.uasset" 457
"../../../../../Unreal/BabaOdZiol/Content/StarterContent/Textures/T_Lamp_M.uasset" 458
"../../../../../Unreal/BabaOdZiol/Content/StarterContent/Textures/T_Lamp_N.uasset" 459
"../../../../../Unreal/BabaOdZiol/Content/StarterContent/Props/Materials/M_Lamp.uasset" 460
"../../../../../Unreal/BabaOdZiol/Content/StarterContent/Props/SM_Lamp_Ceiling.uasset" 461
"../../../../../Unreal/BabaOdZiol/Content/StarterContent/Blueprints/Blueprint_CeilingLight.uasset" 462
"../../../../../Unreal/BabaOdZiol/Content/StarterContent/Props/SM_Lamp_Wall.uasset" 463
"../../../../../Unreal/BabaOdZiol/Content/StarterContent/Blueprints/Blueprint_WallSconce.uasset" 464
"../../../../../Unreal/BabaOdZiol/Content/StarterContent/Maps/StarterMap_BuiltData.uasset" 465
"../../../../../Unreal/BabaOdZiol/Content/StarterContent/Textures/T_Brick_Clay_Beveled_D.uasset" 466
"../../../../../Unreal/BabaOdZiol/Content/StarterContent/Textures/T_Brick_Clay_Beveled_M.uasset" 467
"../../../../../Unreal/BabaOdZiol/Content/StarterContent/Textures/T_Brick_Clay_Beveled_N.uasset" 468
"../../../../../Unreal/BabaOdZiol/Content/StarterContent/Materials/M_Brick_Clay_Beveled.uasset" 469
"../../../../../Unreal/BabaOdZiol/Content/StarterContent/Textures/T_Brick_Clay_New_D.uasset" 470
"../../../../../Unreal/BabaOdZiol/Content/StarterContent/Textures/T_Brick_Clay_New_M.uasset" 471
"../../../../../Unreal/BabaOdZiol/Content/StarterContent/Textures/T_Brick_Clay_New_N.uasset" 472
"../../../../../Unreal/BabaOdZiol/Content/StarterContent/Materials/M_Brick_Clay_New.uasset" 473
"../../../../../Unreal/BabaOdZiol/Content/StarterContent/Textures/T_Brick_Clay_Old_D.uasset" 474
"../../../../../Unreal/BabaOdZiol/Content/StarterContent/Textures/T_Brick_Clay_Old_N.uasset" 475
"../../../../../Unreal/BabaOdZiol/Content/StarterContent/Materials/M_Brick_Clay_Old.uasset" 476
"../../../../../Unreal/BabaOdZiol/Content/StarterContent/Textures/T_Brick_Cut_Stone_D.uasset" 477
"../../../../../Unreal/BabaOdZiol/Content/StarterContent/Textures/T_Brick_Cut_Stone_N.uasset" 478
"../../../../../Unreal/BabaOdZiol/Content/StarterContent/Materials/M_Brick_Cut_Stone.uasset" 479
"../../../../../Unreal/BabaOdZiol/Content/StarterContent/Textures/T_Brick_Hewn_Stone_D.uasset" 480
"../../../../../Unreal/BabaOdZiol/Content/StarterContent/Textures/T_Brick_Hewn_Stone_M.uasset" 481
"../../../../../Unreal/BabaOdZiol/Content/StarterContent/Textures/T_Brick_Hewn_Stone_N.uasset" 482
"../../../../../Unreal/BabaOdZiol/Content/StarterContent/Materials/M_Brick_Hewn_Stone.uasset" 483
"../../../../../Unreal/BabaOdZiol/Content/StarterContent/Textures/T_Ceramic_Tile_M.uasset" 484
"../../../../../Unreal/BabaOdZiol/Content/StarterContent/Textures/T_Ceramic_Tile_N.uasset" 485
"../../../../../Unreal/BabaOdZiol/Content/StarterContent/Textures/T_Rock_Marble_Polished_D.uasset" 486
"../../../../../Unreal/BabaOdZiol/Content/StarterContent/Materials/M_Ceramic_Tile_Checker.uasset" 487
"../../../../../Unreal/BabaOdZiol/Content/StarterContent/Textures/T_CobbleStone_Pebble_D.uasset" 488
"../../../../../Unreal/BabaOdZiol/Content/StarterContent/Textures/T_CobbleStone_Pebble_M.uasset" 489
"../../../../../Unreal/BabaOdZiol/Content/StarterContent/Textures/T_CobbleStone_Pebble_N.uasset" 490
"../../../../../Unreal/BabaOdZiol/Content/StarterContent/Materials/M_CobbleStone_Pebble.uasset" 491
"../../../../../Unreal/BabaOdZiol/Content/StarterContent/Textures/T_CobbleStone_Rough_D.uasset" 492
"../../../../../Unreal/BabaOdZiol/Content/StarterContent/Textures/T_CobbleStone_Rough_N.uasset" 493
"../../../../../Unreal/BabaOdZiol/Content/StarterContent/Textures/T_Gradinet_01.uasset" 494
"../../../../../Unreal/BabaOdZiol/Content/StarterContent/Textures/T_Rock_Smooth_Granite_D.uasset" 495
"../../../../../Unreal/BabaOdZiol/Content/StarterContent/Materials/M_CobbleStone_Rough.uasset" 496
"../../../../../Unreal/BabaOdZiol/Content/StarterContent/Textures/T_CobbleStone_Smooth_D.uasset" 497
"../../../../../Unreal/BabaOdZiol/Content/StarterContent/Textures/T_CobbleStone_Smooth_M.uasset" 498
"../../../../../Unreal/BabaOdZiol/Content/StarterContent/Textures/T_CobbleStone_Smooth_N.uasset" 499
"../../../../../Unreal/BabaOdZiol/Content/StarterContent/Materials/M_CobbleStone_Smooth.uasset" 500
"../../../../../Unreal/BabaOdZiol/Content/StarterContent/Textures/T_Concrete_Grime_D.uasset" 501
"../../../../../Unreal/BabaOdZiol/Content/StarterContent/Materials/M_Concrete_Grime.uasset" 502
"../../../../../Unreal/BabaOdZiol/Content/StarterContent/Textures/T_Concrete_Panels_D.uasset" 503
"../../../../../Unreal/BabaOdZiol/Content/StarterContent/Textures/T_Concrete_Panels_N.uasset" 504
"../../../../../Unreal/BabaOdZiol/Content/StarterContent/Materials/M_Concrete_Panels.uasset" 505
"../../../../../Unreal/BabaOdZiol/Content/StarterContent/Textures/T_Concrete_Poured_D.uasset" 506
"../../../../../Unreal/BabaOdZiol/Content/StarterContent/Textures/T_Concrete_Poured_N.uasset" 507
"../../../../../Unreal/BabaOdZiol/Content/StarterContent/Materials/M_Concrete_Poured.uasset" 508
"../../../../../Unreal/BabaOdZiol/Content/StarterContent/Textures/T_Concrete_Tiles_D.uasset" 509
"../../../../../Unreal/BabaOdZiol/Content/StarterContent/Textures/T_Concrete_Tiles_M.uasset" 510
"../../../../../Unreal/BabaOdZiol/Content/StarterContent/Textures/T_Concrete_Tiles_N.uasset" 511
"../../../../../Unreal/BabaOdZiol/Content/StarterContent/Textures/T_Concrete_Tiles_Variation_M.uasset" 512
"../../../../../Unreal/BabaOdZiol/Content/StarterContent/Materials/M_Concrete_Tiles.uasset" 513
"../../../../../Unreal/BabaOdZiol/Content/StarterContent/Textures/T_Ground_Grass_D.uasset" 514
"../../../../../Unreal/BabaOdZiol/Content/StarterContent/Textures/T_Ground_Grass_N.uasset" 515
"../../../../../Unreal/BabaOdZiol/Content/StarterContent/Materials/M_Ground_Grass.uasset" 516
"../../../../../Unreal/BabaOdZiol/Content/StarterContent/Textures/T_Ground_Gravel_D.uasset" 517
"../../../../../Unreal/BabaOdZiol/Content/StarterContent/Textures/T_Ground_Gravel_N.uasset" 518
"../../../../../Unreal/BabaOdZiol/Content/StarterContent/Materials/M_Ground_Gravel.uasset" 519
"../../../../../Unreal/BabaOdZiol/Content/StarterContent/Materials/M_Metal_Chrome.uasset" 520
"../../../../../Unreal/BabaOdZiol/Content/StarterContent/Textures/T_Metal_Gold_D.uasset" 521
"../../../../../Unreal/BabaOdZiol/Content/StarterContent/Materials/M_Metal_Gold.uasset" 522
"../../../../../Unreal/BabaOdZiol/Content/StarterContent/Textures/T_Metal_Steel_D.uasset" 523
"../../../../../Unreal/BabaOdZiol/Content/StarterContent/Textures/T_Metal_Steel_N.uasset" 524
"../../../../../Unreal/BabaOdZiol/Content/StarterContent/Materials/M_Metal_Steel.uasset" 525
"../../../../../Unreal/BabaOdZiol/Content/StarterContent/Textures/T_Rock_Basalt_N.uasset" 526
"../../../../../Unreal/BabaOdZiol/Content/StarterContent/Materials/M_Rock_Basalt.uasset" 527
"../../../../../Unreal/BabaOdZiol/Content/StarterContent/Materials/M_Rock_Marble_Polished.uasset" 528
"../../../../../Unreal/BabaOdZiol/Content/StarterContent/Textures/T_Rock_Sandstone_D.uasset" 529
"../../../../../Unreal/BabaOdZiol/Content/StarterContent/Textures/T_Rock_Sandstone_N.uasset" 530
"../../../../../Unreal/BabaOdZiol/Content/StarterContent/Materials/M_Rock_Sandstone.uasset" 531
"../../../../../Unreal/BabaOdZiol/Content/StarterContent/Textures/T_Rock_Slate_D.uasset" 532
"../../../../../Unreal/BabaOdZiol/Content/StarterContent/Textures/T_Rock_Slate_N.uasset" 533
"../../../../../Unreal/BabaOdZiol/Content/StarterContent/Materials/M_Rock_Slate.uasset" 534
"../../../../../Unreal/BabaOdZiol/Content/StarterContent/Textures/T_Checker_Noise_M.uasset" 535
"../../../../../Unreal/BabaOdZiol/Content/StarterContent/Textures/T_Single_Tile_N.uasset" 536
"../../../../../Unreal/BabaOdZiol/Content/StarterContent/Textures/T_Tech_Dot_M.uasset" 537
"../../../../../Unreal/BabaOdZiol/Content/StarterContent/Textures/T_Tech_Dot_N.uasset" 538
"../../../../../Unreal/BabaOdZiol/Content/StarterContent/Materials/M_Tech_Checker_Dot.uasset" 539
"../../../../../Unreal/BabaOdZiol/Content/StarterContent/Textures/T_Tech_Hex_Tile_M.uasset" 540
"../../../../../Unreal/BabaOdZiol/Content/StarterContent/Textures/T_Tech_Hex_Tile_N.uasset" 541
"../../../../../Unreal/BabaOdZiol/Content/StarterContent/Materials/M_Tech_Hex_Tile.uasset" 542
"../../../../../Unreal/BabaOdZiol/Content/StarterContent/Materials/M_Tech_Hex_Tile_Pulse.uasset" 543
"../../../../../Unreal/BabaOdZiol/Content/StarterContent/Textures/T_Tech_Panel_M.uasset" 544
"../../../../../Unreal/BabaOdZiol/Content/StarterContent/Textures/T_Tech_Panel_N.uasset" 545
"../../../../../Unreal/BabaOdZiol/Content/StarterContent/Materials/M_Tech_Panel.uasset" 546
"../../../../../Unreal/BabaOdZiol/Content/StarterContent/Materials/M_Water_Lake.uasset" 547
"../../../../../Unreal/BabaOdZiol/Content/StarterContent/Textures/T_Water_M.uasset" 548
"../../../../../Unreal/BabaOdZiol/Content/StarterContent/Materials/M_Water_Ocean.uasset" 549
"../../../../../Unreal/BabaOdZiol/Content/StarterContent/Textures/T_Wood_Floor_Walnut_D.uasset" 550
"../../../../../Unreal/BabaOdZiol/Content/StarterContent/Textures/T_Wood_Floor_Walnut_M.uasset" 551
"../../../../../Unreal/BabaOdZiol/Content/StarterContent/Textures/T_Wood_Floor_Walnut_N.uasset" 552
"../../../../../Unreal/BabaOdZiol/Content/StarterContent/Materials/M_Wood_Floor_Walnut_Polished.uasset" 553
"../../../Engine/Content/Functions/Engine_MaterialFunctions01/Opacity/AlphaOffset.uasset" 554
"../../../../../Unreal/BabaOdZiol/Content/StarterContent/Materials/M_Wood_Floor_Walnut_Worn.uasset" 555
"../../../../../Unreal/BabaOdZiol/Content/StarterContent/Textures/T_Wood_Oak_D.uasset" 556
"../../../../../Unreal/BabaOdZiol/Content/StarterContent/Textures/T_Wood_Oak_N.uasset" 557
"../../../../../Unreal/BabaOdZiol/Content/StarterContent/Materials/M_Wood_Oak.uasset" 558
"../../../../../Unreal/BabaOdZiol/Content/StarterContent/Textures/T_Wood_Pine_D.uasset" 559
"../../../../../Unreal/BabaOdZiol/Content/StarterContent/Textures/T_Wood_Pine_N.uasset" 560
"../../../../../Unreal/BabaOdZiol/Content/StarterContent/Materials/M_Wood_Pine.uasset" 561
"../../../../../Unreal/BabaOdZiol/Content/StarterContent/Textures/T_Wood_Walnut_D.uasset" 562
"../../../../../Unreal/BabaOdZiol/Content/StarterContent/Textures/T_Wood_Walnut_N.uasset" 563
"../../../../../Unreal/BabaOdZiol/Content/StarterContent/Materials/M_Wood_Walnut.uasset" 564
"../../../../../Unreal/BabaOdZiol/Content/StarterContent/Architecture/Wall_400x200.uasset" 565
"../../../../../Unreal/BabaOdZiol/Content/StarterContent/Architecture/Wall_Door_400x300.uasset" 566
"../../../../../Unreal/BabaOdZiol/Content/StarterContent/Architecture/Wall_Window_400x300.uasset" 567
"../../../../../Unreal/BabaOdZiol/Content/StarterContent/Audio/Collapse_Cue.uasset" 568
"../../../../../Unreal/BabaOdZiol/Content/StarterContent/Audio/Starter_Music_Cue.uasset" 569
"../../../../../Unreal/BabaOdZiol/Content/StarterContent/Textures/T_Dust_Particle_D.uasset" 570
"../../../../../Unreal/BabaOdZiol/Content/StarterContent/Particles/Materials/M_Dust_Particle.uasset" 571
"../../../../../Unreal/BabaOdZiol/Content/StarterContent/Particles/P_Ambient_Dust.uasset" 572
"../../../../../Unreal/BabaOdZiol/Content/StarterContent/Props/MaterialSphere.uasset" 573
"../../../../../Unreal/BabaOdZiol/Content/StarterContent/Textures/T_Frame_M.uasset" 574
"../../../../../Unreal/BabaOdZiol/Content/StarterContent/Textures/T_Frame_N.uasset" 575
"../../../../../Unreal/BabaOdZiol/Content/StarterContent/Props/Materials/M_Frame.uasset" 576
"../../../../../Unreal/BabaOdZiol/Content/StarterContent/Props/SM_CornerFrame.uasset" 577
"../../../../../Unreal/BabaOdZiol/Content/StarterContent/Props/SM_DoorFrame.uasset" 578
"../../../../../Unreal/BabaOdZiol/Content/StarterContent/Props/SM_GlassWindow.uasset" 579
"../../../../../Unreal/BabaOdZiol/Content/StarterContent/Props/SM_PillarFrame.uasset" 580
"../../../../../Unreal/BabaOdZiol/Content/StarterContent/Props/SM_PillarFrame300.uasset" 581
"../../../../../Unreal/BabaOdZiol/Content/StarterContent/Props/SM_WindowFrame.uasset" 582
"../../../../../Unreal/BabaOdZiol/Content/StarterContent/Shapes/Shape_Cube.uasset" 583
"../../../../../Unreal/BabaOdZiol/Content/StarterContent/Shapes/Shape_QuadPyramid.uasset" 584
"../../../../../Unreal/BabaOdZiol/Content/StarterContent/Shapes/Shape_Sphere.uasset" 585
"../../../../../Unreal/BabaOdZiol/Content/StarterContent/Maps/StarterMap.umap" 586
"../../../Engine/Content/Maps/Entry_BuiltData.uasset" 587
"../../../Engine/Content/Maps/Entry.umap" 588
